Copyright 1986-2017 Xilinx, Inc. All Rights Reserved.
----------------------------------------------------------------------------------------------------
| Tool Version : Vivado v.2017.4 (win64) Build 2086221 Fri Dec 15 20:55:39 MST 2017
| Date         : Sat Jun 26 17:01:13 2021
| Host         : DESKTOP-CDDJBQR running 64-bit major release  (build 9200)
| Command      : report_control_sets -verbose -file control_motores_wrapper_control_sets_placed.rpt
| Design       : control_motores_wrapper
| Device       : xc7z020
----------------------------------------------------------------------------------------------------

Control Set Information

Table of Contents
-----------------
1. Summary
2. Flip-Flop Distribution
3. Detailed Control Set Information

1. Summary
----------

+----------------------------------------------------------+-------+
|                          Status                          | Count |
+----------------------------------------------------------+-------+
| Number of unique control sets                            |     2 |
| Unused register locations in slices containing registers |     3 |
+----------------------------------------------------------+-------+


2. Flip-Flop Distribution
-------------------------

+--------------+-----------------------+------------------------+-----------------+--------------+
| Clock Enable | Synchronous Set/Reset | Asynchronous Set/Reset | Total Registers | Total Slices |
+--------------+-----------------------+------------------------+-----------------+--------------+
| No           | No                    | No                     |               0 |            0 |
| No           | No                    | Yes                    |              13 |            4 |
| No           | Yes                   | No                     |               0 |            0 |
| Yes          | No                    | No                     |               0 |            0 |
| Yes          | No                    | Yes                    |              16 |            5 |
| Yes          | Yes                   | No                     |               0 |            0 |
+--------------+-----------------------+------------------------+-----------------+--------------+


3. Detailed Control Set Information
-----------------------------------

+--------------+-----------------------------------------+------------------+------------------+----------------+
| Clock Signal |              Enable Signal              | Set/Reset Signal | Slice Load Count | Bel Load Count |
+--------------+-----------------------------------------+------------------+------------------+----------------+
|  clk_IBUF    |                                         | reset_IBUF       |                4 |             13 |
|  clk_IBUF    | control_motores_i/mod_m_counter_0/U0/CE | reset_IBUF       |                5 |             16 |
+--------------+-----------------------------------------+------------------+------------------+----------------+


+--------+-----------------------+
| Fanout | Number of ControlSets |
+--------+-----------------------+
| 13     |                     1 |
| 16+    |                     1 |
+--------+-----------------------+


