
*** Running vivado
    with args -log control_motores_wrapper.vdi -applog -m64 -product Vivado -messageDb vivado.pb -mode batch -source control_motores_wrapper.tcl -notrace


****** Vivado v2017.4 (64-bit)
  **** SW Build 2086221 on Fri Dec 15 20:55:39 MST 2017
  **** IP Build 2085800 on Fri Dec 15 22:25:07 MST 2017
    ** Copyright 1986-2017 Xilinx, Inc. All Rights Reserved.

source control_motores_wrapper.tcl -notrace
INFO: [IP_Flow 19-234] Refreshing IP repositories
INFO: [IP_Flow 19-1704] No user IP repositories specified
INFO: [IP_Flow 19-2313] Loaded Vivado IP repository 'C:/Xilinx/Vivado/2017.4/data/ip'.
add_files: Time (s): cpu = 00:00:01 ; elapsed = 00:00:23 . Memory (MB): peak = 295.207 ; gain = 10.988
Command: link_design -top control_motores_wrapper -part xc7z020clg484-1
Design is defaulting to srcset: sources_1
Design is defaulting to constrset: constrs_1
INFO: [Project 1-454] Reading design checkpoint 'c:/Users/Augusto/Desktop/Proyecto2_FPGA/control_motores_pwm_Zed/control_motores_pwm_Zed.srcs/sources_1/bd/control_motores/ip/control_motores_control_direccion_0_0/control_motores_control_direccion_0_0.dcp' for cell 'control_motores_i/control_direccion_0'
INFO: [Project 1-454] Reading design checkpoint 'c:/Users/Augusto/Desktop/Proyecto2_FPGA/control_motores_pwm_Zed/control_motores_pwm_Zed.srcs/sources_1/bd/control_motores/ip/control_motores_control_direccion_1_0/control_motores_control_direccion_1_0.dcp' for cell 'control_motores_i/control_direccion_1'
INFO: [Project 1-454] Reading design checkpoint 'c:/Users/Augusto/Desktop/Proyecto2_FPGA/control_motores_pwm_Zed/control_motores_pwm_Zed.srcs/sources_1/bd/control_motores/ip/control_motores_decoder_0_0/control_motores_decoder_0_0.dcp' for cell 'control_motores_i/decoder_0'
INFO: [Project 1-454] Reading design checkpoint 'c:/Users/Augusto/Desktop/Proyecto2_FPGA/control_motores_pwm_Zed/control_motores_pwm_Zed.srcs/sources_1/bd/control_motores/ip/control_motores_mod_m_counter_0_0/control_motores_mod_m_counter_0_0.dcp' for cell 'control_motores_i/mod_m_counter_0'
INFO: [Project 1-454] Reading design checkpoint 'c:/Users/Augusto/Desktop/Proyecto2_FPGA/control_motores_pwm_Zed/control_motores_pwm_Zed.srcs/sources_1/bd/control_motores/ip/control_motores_pwm_dc_motor_0_0/control_motores_pwm_dc_motor_0_0.dcp' for cell 'control_motores_i/pwm_dc_motor_0'
INFO: [Project 1-454] Reading design checkpoint 'c:/Users/Augusto/Desktop/Proyecto2_FPGA/control_motores_pwm_Zed/control_motores_pwm_Zed.srcs/sources_1/bd/control_motores/ip/control_motores_pwm_dc_motor_1_0/control_motores_pwm_dc_motor_1_0.dcp' for cell 'control_motores_i/pwm_dc_motor_1'
INFO: [Netlist 29-17] Analyzing 17 Unisim elements for replacement
INFO: [Netlist 29-28] Unisim Transformation completed in 0 CPU seconds
INFO: [Project 1-479] Netlist was created with Vivado 2017.4
INFO: [Device 21-403] Loading part xc7z020clg484-1
INFO: [Project 1-570] Preparing netlist for logic optimization
Parsing XDC File [C:/Users/Augusto/Desktop/Proyecto2_FPGA/control_motores_pwm_Zed/control_motores_pwm_Zed.srcs/constrs_1/imports/Fuentes/zedboard_constraint.xdc]
WARNING: [Vivado 12-584] No ports matched '[get_ports -of_objects [get_iobanks 33]]'. [C:/Users/Augusto/Desktop/Proyecto2_FPGA/control_motores_pwm_Zed/control_motores_pwm_Zed.srcs/constrs_1/imports/Fuentes/zedboard_constraint.xdc:362]
CRITICAL WARNING: [Common 17-55] 'set_property' expects at least one object. [C:/Users/Augusto/Desktop/Proyecto2_FPGA/control_motores_pwm_Zed/control_motores_pwm_Zed.srcs/constrs_1/imports/Fuentes/zedboard_constraint.xdc:362]
Resolution: If [get_<value>] was used to populate the object, check to make sure this command returns at least one valid object.
Finished Parsing XDC File [C:/Users/Augusto/Desktop/Proyecto2_FPGA/control_motores_pwm_Zed/control_motores_pwm_Zed.srcs/constrs_1/imports/Fuentes/zedboard_constraint.xdc]
INFO: [Opt 31-138] Pushed 0 inverter(s) to 0 load pin(s).
INFO: [Project 1-111] Unisim Transformation Summary:
No Unisim elements were transformed.

16 Infos, 1 Warnings, 1 Critical Warnings and 0 Errors encountered.
link_design completed successfully
link_design: Time (s): cpu = 00:00:06 ; elapsed = 00:00:08 . Memory (MB): peak = 647.035 ; gain = 351.828
Command: opt_design
Attempting to get a license for feature 'Implementation' and/or device 'xc7z020'
INFO: [Common 17-349] Got license for feature 'Implementation' and/or device 'xc7z020'
Running DRC as a precondition to command opt_design

Starting DRC Task
INFO: [DRC 23-27] Running DRC with 2 threads
INFO: [Project 1-461] DRC finished with 0 Errors
INFO: [Project 1-462] Please refer to the DRC report (report_drc) for more information.

Time (s): cpu = 00:00:01 ; elapsed = 00:00:00.541 . Memory (MB): peak = 662.445 ; gain = 15.410
INFO: [Timing 38-35] Done setting XDC timing constraints.

Starting Logic Optimization Task

Phase 1 Retarget
INFO: [Opt 31-138] Pushed 0 inverter(s) to 0 load pin(s).
INFO: [Opt 31-49] Retargeted 0 cell(s).
Phase 1 Retarget | Checksum: 1227b1eb4

Time (s): cpu = 00:00:00 ; elapsed = 00:00:00.016 . Memory (MB): peak = 1210.676 ; gain = 0.000
INFO: [Opt 31-389] Phase Retarget created 4 cells and removed 4 cells

Phase 2 Constant propagation
INFO: [Opt 31-138] Pushed 0 inverter(s) to 0 load pin(s).
Phase 2 Constant propagation | Checksum: 1227b1eb4

Time (s): cpu = 00:00:00 ; elapsed = 00:00:00.018 . Memory (MB): peak = 1210.676 ; gain = 0.000
INFO: [Opt 31-389] Phase Constant propagation created 0 cells and removed 0 cells

Phase 3 Sweep
Phase 3 Sweep | Checksum: b42acc8a

Time (s): cpu = 00:00:00 ; elapsed = 00:00:00.022 . Memory (MB): peak = 1210.676 ; gain = 0.000
INFO: [Opt 31-389] Phase Sweep created 0 cells and removed 0 cells

Phase 4 BUFG optimization
Phase 4 BUFG optimization | Checksum: b42acc8a

Time (s): cpu = 00:00:00 ; elapsed = 00:00:00.026 . Memory (MB): peak = 1210.676 ; gain = 0.000
INFO: [Opt 31-389] Phase BUFG optimization created 0 cells and removed 0 cells

Phase 5 Shift Register Optimization
Phase 5 Shift Register Optimization | Checksum: b42acc8a

Time (s): cpu = 00:00:00 ; elapsed = 00:00:00.028 . Memory (MB): peak = 1210.676 ; gain = 0.000
INFO: [Opt 31-389] Phase Shift Register Optimization created 0 cells and removed 0 cells

Starting Connectivity Check Task

Time (s): cpu = 00:00:00 ; elapsed = 00:00:00.001 . Memory (MB): peak = 1210.676 ; gain = 0.000
Ending Logic Optimization Task | Checksum: b42acc8a

Time (s): cpu = 00:00:00 ; elapsed = 00:00:00.030 . Memory (MB): peak = 1210.676 ; gain = 0.000

Starting Power Optimization Task
INFO: [Pwropt 34-132] Skipping clock gating for clocks with a period < 2.00 ns.
Ending Power Optimization Task | Checksum: 104d38c7e

Time (s): cpu = 00:00:00 ; elapsed = 00:00:00.007 . Memory (MB): peak = 1210.676 ; gain = 0.000
INFO: [Common 17-83] Releasing license: Implementation
31 Infos, 1 Warnings, 1 Critical Warnings and 0 Errors encountered.
opt_design completed successfully
opt_design: Time (s): cpu = 00:00:11 ; elapsed = 00:00:11 . Memory (MB): peak = 1210.676 ; gain = 563.641
Writing placer database...
Writing XDEF routing.
Writing XDEF routing logical nets.
Writing XDEF routing special nets.
Write XDEF Complete: Time (s): cpu = 00:00:00 ; elapsed = 00:00:00.056 . Memory (MB): peak = 1210.676 ; gain = 0.000
INFO: [Common 17-1381] The checkpoint 'C:/Users/Augusto/Desktop/Proyecto2_FPGA/control_motores_pwm_Zed/control_motores_pwm_Zed.runs/impl_1/control_motores_wrapper_opt.dcp' has been generated.
INFO: [runtcl-4] Executing : report_drc -file control_motores_wrapper_drc_opted.rpt -pb control_motores_wrapper_drc_opted.pb -rpx control_motores_wrapper_drc_opted.rpx
Command: report_drc -file control_motores_wrapper_drc_opted.rpt -pb control_motores_wrapper_drc_opted.pb -rpx control_motores_wrapper_drc_opted.rpx
INFO: [IP_Flow 19-1839] IP Catalog is up to date.
INFO: [DRC 23-27] Running DRC with 2 threads
INFO: [Coretcl 2-168] The results of DRC are in file C:/Users/Augusto/Desktop/Proyecto2_FPGA/control_motores_pwm_Zed/control_motores_pwm_Zed.runs/impl_1/control_motores_wrapper_drc_opted.rpt.
report_drc completed successfully
INFO: [Chipscope 16-241] No debug cores found in the current design.
Before running the implement_debug_core command, either use the Set Up Debug wizard (GUI mode)
or use the create_debug_core and connect_debug_core Tcl commands to insert debug cores into the design.
Command: place_design
Attempting to get a license for feature 'Implementation' and/or device 'xc7z020'
INFO: [Common 17-349] Got license for feature 'Implementation' and/or device 'xc7z020'
INFO: [DRC 23-27] Running DRC with 2 threads
INFO: [Vivado_Tcl 4-198] DRC finished with 0 Errors
INFO: [Vivado_Tcl 4-199] Please refer to the DRC report (report_drc) for more information.
Running DRC as a precondition to command place_design
INFO: [DRC 23-27] Running DRC with 2 threads
INFO: [Vivado_Tcl 4-198] DRC finished with 0 Errors
INFO: [Vivado_Tcl 4-199] Please refer to the DRC report (report_drc) for more information.

Starting Placer Task
INFO: [Place 30-611] Multithreading enabled for place_design using a maximum of 2 CPUs

Phase 1 Placer Initialization

Phase 1.1 Placer Initialization Netlist Sorting
Netlist sorting complete. Time (s): cpu = 00:00:00 ; elapsed = 00:00:00.001 . Memory (MB): peak = 1210.676 ; gain = 0.000
Phase 1.1 Placer Initialization Netlist Sorting | Checksum: e34f34c2

Time (s): cpu = 00:00:00 ; elapsed = 00:00:00.003 . Memory (MB): peak = 1210.676 ; gain = 0.000
INFO: [Timing 38-35] Done setting XDC timing constraints.
INFO: [Opt 31-138] Pushed 0 inverter(s) to 0 load pin(s).
Netlist sorting complete. Time (s): cpu = 00:00:00 ; elapsed = 00:00:00 . Memory (MB): peak = 1210.676 ; gain = 0.000

Phase 1.2 IO Placement/ Clock Placement/ Build Placer Device
INFO: [Timing 38-35] Done setting XDC timing constraints.
Phase 1.2 IO Placement/ Clock Placement/ Build Placer Device | Checksum: 2252901d

Time (s): cpu = 00:00:01 ; elapsed = 00:00:00.502 . Memory (MB): peak = 1210.676 ; gain = 0.000

Phase 1.3 Build Placer Netlist Model
Phase 1.3 Build Placer Netlist Model | Checksum: 8ca01872

Time (s): cpu = 00:00:01 ; elapsed = 00:00:00.537 . Memory (MB): peak = 1210.676 ; gain = 0.000

Phase 1.4 Constrain Clocks/Macros
Phase 1.4 Constrain Clocks/Macros | Checksum: 8ca01872

Time (s): cpu = 00:00:01 ; elapsed = 00:00:00.539 . Memory (MB): peak = 1210.676 ; gain = 0.000
Phase 1 Placer Initialization | Checksum: 8ca01872

Time (s): cpu = 00:00:01 ; elapsed = 00:00:00.540 . Memory (MB): peak = 1210.676 ; gain = 0.000

Phase 2 Global Placement
Phase 2 Global Placement | Checksum: 1038cf1c0

Time (s): cpu = 00:00:01 ; elapsed = 00:00:00.777 . Memory (MB): peak = 1210.676 ; gain = 0.000

Phase 3 Detail Placement

Phase 3.1 Commit Multi Column Macros
Phase 3.1 Commit Multi Column Macros | Checksum: 1038cf1c0

Time (s): cpu = 00:00:01 ; elapsed = 00:00:00.779 . Memory (MB): peak = 1210.676 ; gain = 0.000

Phase 3.2 Commit Most Macros & LUTRAMs
Phase 3.2 Commit Most Macros & LUTRAMs | Checksum: 139faced3

Time (s): cpu = 00:00:01 ; elapsed = 00:00:00.810 . Memory (MB): peak = 1210.676 ; gain = 0.000

Phase 3.3 Area Swap Optimization
Phase 3.3 Area Swap Optimization | Checksum: 190253421

Time (s): cpu = 00:00:01 ; elapsed = 00:00:00.816 . Memory (MB): peak = 1210.676 ; gain = 0.000

Phase 3.4 Pipeline Register Optimization
Phase 3.4 Pipeline Register Optimization | Checksum: 190253421

Time (s): cpu = 00:00:01 ; elapsed = 00:00:00.817 . Memory (MB): peak = 1210.676 ; gain = 0.000

Phase 3.5 Small Shape Detail Placement
Phase 3.5 Small Shape Detail Placement | Checksum: 108640848

Time (s): cpu = 00:00:02 ; elapsed = 00:00:00.948 . Memory (MB): peak = 1210.676 ; gain = 0.000

Phase 3.6 Re-assign LUT pins
Phase 3.6 Re-assign LUT pins | Checksum: 108640848

Time (s): cpu = 00:00:02 ; elapsed = 00:00:00.953 . Memory (MB): peak = 1210.676 ; gain = 0.000

Phase 3.7 Pipeline Register Optimization
Phase 3.7 Pipeline Register Optimization | Checksum: 108640848

Time (s): cpu = 00:00:02 ; elapsed = 00:00:00.954 . Memory (MB): peak = 1210.676 ; gain = 0.000
Phase 3 Detail Placement | Checksum: 108640848

Time (s): cpu = 00:00:02 ; elapsed = 00:00:00.955 . Memory (MB): peak = 1210.676 ; gain = 0.000

Phase 4 Post Placement Optimization and Clean-Up

Phase 4.1 Post Commit Optimization
Phase 4.1 Post Commit Optimization | Checksum: 108640848

Time (s): cpu = 00:00:02 ; elapsed = 00:00:00.958 . Memory (MB): peak = 1210.676 ; gain = 0.000

Phase 4.2 Post Placement Cleanup
Phase 4.2 Post Placement Cleanup | Checksum: 108640848

Time (s): cpu = 00:00:02 ; elapsed = 00:00:00.961 . Memory (MB): peak = 1210.676 ; gain = 0.000

Phase 4.3 Placer Reporting
Phase 4.3 Placer Reporting | Checksum: 108640848

Time (s): cpu = 00:00:02 ; elapsed = 00:00:00.962 . Memory (MB): peak = 1210.676 ; gain = 0.000

Phase 4.4 Final Placement Cleanup
Phase 4.4 Final Placement Cleanup | Checksum: 1d27d2965

Time (s): cpu = 00:00:02 ; elapsed = 00:00:00.962 . Memory (MB): peak = 1210.676 ; gain = 0.000
Phase 4 Post Placement Optimization and Clean-Up | Checksum: 1d27d2965

Time (s): cpu = 00:00:02 ; elapsed = 00:00:00.963 . Memory (MB): peak = 1210.676 ; gain = 0.000
Ending Placer Task | Checksum: 109d698bd

Time (s): cpu = 00:00:02 ; elapsed = 00:00:00.967 . Memory (MB): peak = 1210.676 ; gain = 0.000
INFO: [Common 17-83] Releasing license: Implementation
49 Infos, 1 Warnings, 1 Critical Warnings and 0 Errors encountered.
place_design completed successfully
Writing placer database...
Writing XDEF routing.
Writing XDEF routing logical nets.
Writing XDEF routing special nets.
Write XDEF Complete: Time (s): cpu = 00:00:00 ; elapsed = 00:00:00.056 . Memory (MB): peak = 1210.676 ; gain = 0.000
INFO: [Common 17-1381] The checkpoint 'C:/Users/Augusto/Desktop/Proyecto2_FPGA/control_motores_pwm_Zed/control_motores_pwm_Zed.runs/impl_1/control_motores_wrapper_placed.dcp' has been generated.
INFO: [runtcl-4] Executing : report_io -file control_motores_wrapper_io_placed.rpt
report_io: Time (s): cpu = 00:00:00 ; elapsed = 00:00:00.055 . Memory (MB): peak = 1210.676 ; gain = 0.000
INFO: [runtcl-4] Executing : report_utilization -file control_motores_wrapper_utilization_placed.rpt -pb control_motores_wrapper_utilization_placed.pb
report_utilization: Time (s): cpu = 00:00:00 ; elapsed = 00:00:00.045 . Memory (MB): peak = 1210.676 ; gain = 0.000
INFO: [runtcl-4] Executing : report_control_sets -verbose -file control_motores_wrapper_control_sets_placed.rpt
report_control_sets: Time (s): cpu = 00:00:00 ; elapsed = 00:00:00.003 . Memory (MB): peak = 1210.676 ; gain = 0.000
Command: route_design
Attempting to get a license for feature 'Implementation' and/or device 'xc7z020'
INFO: [Common 17-349] Got license for feature 'Implementation' and/or device 'xc7z020'
Running DRC as a precondition to command route_design
INFO: [DRC 23-27] Running DRC with 2 threads
INFO: [Vivado_Tcl 4-198] DRC finished with 0 Errors
INFO: [Vivado_Tcl 4-199] Please refer to the DRC report (report_drc) for more information.


Starting Routing Task
INFO: [Route 35-254] Multithreading enabled for route_design using a maximum of 2 CPUs
Checksum: PlaceDB: 359af03d ConstDB: 0 ShapeSum: d43ba880 RouteDB: 0

Phase 1 Build RT Design
Phase 1 Build RT Design | Checksum: 12b3292bf

Time (s): cpu = 00:00:27 ; elapsed = 00:00:24 . Memory (MB): peak = 1331.488 ; gain = 120.812
Post Restoration Checksum: NetGraph: db9d2a2e NumContArr: 4f956891 Constraints: 0 Timing: 0

Phase 2 Router Initialization
INFO: [Route 35-64] No timing constraints were detected. The router will operate in resource-optimization mode.

Phase 2.1 Fix Topology Constraints
Phase 2.1 Fix Topology Constraints | Checksum: 12b3292bf

Time (s): cpu = 00:00:27 ; elapsed = 00:00:24 . Memory (MB): peak = 1338.055 ; gain = 127.379

Phase 2.2 Pre Route Cleanup
Phase 2.2 Pre Route Cleanup | Checksum: 12b3292bf

Time (s): cpu = 00:00:27 ; elapsed = 00:00:24 . Memory (MB): peak = 1338.055 ; gain = 127.379
 Number of Nodes with overlaps = 0
Phase 2 Router Initialization | Checksum: 11ca72f17

Time (s): cpu = 00:00:27 ; elapsed = 00:00:24 . Memory (MB): peak = 1341.875 ; gain = 131.199

Phase 3 Initial Routing
Phase 3 Initial Routing | Checksum: 1b98c1c3c

Time (s): cpu = 00:00:27 ; elapsed = 00:00:24 . Memory (MB): peak = 1341.875 ; gain = 131.199

Phase 4 Rip-up And Reroute

Phase 4.1 Global Iteration 0
 Number of Nodes with overlaps = 6
 Number of Nodes with overlaps = 0
Phase 4.1 Global Iteration 0 | Checksum: 736b5b78

Time (s): cpu = 00:00:27 ; elapsed = 00:00:24 . Memory (MB): peak = 1341.906 ; gain = 131.230
Phase 4 Rip-up And Reroute | Checksum: 736b5b78

Time (s): cpu = 00:00:27 ; elapsed = 00:00:24 . Memory (MB): peak = 1341.906 ; gain = 131.230

Phase 5 Delay and Skew Optimization
Phase 5 Delay and Skew Optimization | Checksum: 736b5b78

Time (s): cpu = 00:00:27 ; elapsed = 00:00:24 . Memory (MB): peak = 1341.906 ; gain = 131.230

Phase 6 Post Hold Fix

Phase 6.1 Hold Fix Iter
Phase 6.1 Hold Fix Iter | Checksum: 736b5b78

Time (s): cpu = 00:00:27 ; elapsed = 00:00:24 . Memory (MB): peak = 1341.906 ; gain = 131.230
Phase 6 Post Hold Fix | Checksum: 736b5b78

Time (s): cpu = 00:00:27 ; elapsed = 00:00:24 . Memory (MB): peak = 1341.906 ; gain = 131.230

Phase 7 Route finalize

Router Utilization Summary
  Global Vertical Routing Utilization    = 0.0313244 %
  Global Horizontal Routing Utilization  = 0.046146 %
  Routable Net Status*
  *Does not include unroutable nets such as driverless and loadless.
  Run report_route_status for detailed report.
  Number of Failed Nets               = 0
  Number of Unrouted Nets             = 0
  Number of Partially Routed Nets     = 0
  Number of Node Overlaps             = 0

Utilization threshold used for congestion level computation: 0.85
Congestion Report
North Dir 1x1 Area, Max Cong = 16.2162%, No Congested Regions.
South Dir 1x1 Area, Max Cong = 16.2162%, No Congested Regions.
East Dir 1x1 Area, Max Cong = 22.0588%, No Congested Regions.
West Dir 1x1 Area, Max Cong = 10.2941%, No Congested Regions.
Phase 7 Route finalize | Checksum: 736b5b78

Time (s): cpu = 00:00:27 ; elapsed = 00:00:24 . Memory (MB): peak = 1341.906 ; gain = 131.230

Phase 8 Verifying routed nets

 Verification completed successfully
Phase 8 Verifying routed nets | Checksum: 736b5b78

Time (s): cpu = 00:00:27 ; elapsed = 00:00:24 . Memory (MB): peak = 1343.895 ; gain = 133.219

Phase 9 Depositing Routes
Phase 9 Depositing Routes | Checksum: 11c0f8249

Time (s): cpu = 00:00:27 ; elapsed = 00:00:24 . Memory (MB): peak = 1343.895 ; gain = 133.219
INFO: [Route 35-16] Router Completed Successfully

Time (s): cpu = 00:00:27 ; elapsed = 00:00:24 . Memory (MB): peak = 1343.895 ; gain = 133.219

Routing Is Done.
INFO: [Common 17-83] Releasing license: Implementation
61 Infos, 1 Warnings, 1 Critical Warnings and 0 Errors encountered.
route_design completed successfully
route_design: Time (s): cpu = 00:00:28 ; elapsed = 00:00:25 . Memory (MB): peak = 1343.895 ; gain = 133.219
Writing placer database...
Writing XDEF routing.
Writing XDEF routing logical nets.
Writing XDEF routing special nets.
Write XDEF Complete: Time (s): cpu = 00:00:00 ; elapsed = 00:00:00.055 . Memory (MB): peak = 1343.895 ; gain = 0.000
INFO: [Common 17-1381] The checkpoint 'C:/Users/Augusto/Desktop/Proyecto2_FPGA/control_motores_pwm_Zed/control_motores_pwm_Zed.runs/impl_1/control_motores_wrapper_routed.dcp' has been generated.
INFO: [runtcl-4] Executing : report_drc -file control_motores_wrapper_drc_routed.rpt -pb control_motores_wrapper_drc_routed.pb -rpx control_motores_wrapper_drc_routed.rpx
Command: report_drc -file control_motores_wrapper_drc_routed.rpt -pb control_motores_wrapper_drc_routed.pb -rpx control_motores_wrapper_drc_routed.rpx
INFO: [IP_Flow 19-1839] IP Catalog is up to date.
INFO: [DRC 23-27] Running DRC with 2 threads
INFO: [Coretcl 2-168] The results of DRC are in file C:/Users/Augusto/Desktop/Proyecto2_FPGA/control_motores_pwm_Zed/control_motores_pwm_Zed.runs/impl_1/control_motores_wrapper_drc_routed.rpt.
report_drc completed successfully
INFO: [runtcl-4] Executing : report_methodology -file control_motores_wrapper_methodology_drc_routed.rpt -pb control_motores_wrapper_methodology_drc_routed.pb -rpx control_motores_wrapper_methodology_drc_routed.rpx
Command: report_methodology -file control_motores_wrapper_methodology_drc_routed.rpt -pb control_motores_wrapper_methodology_drc_routed.pb -rpx control_motores_wrapper_methodology_drc_routed.rpx
INFO: [Timing 38-35] Done setting XDC timing constraints.
INFO: [Timing 38-35] Done setting XDC timing constraints.
INFO: [DRC 23-133] Running Methodology with 2 threads
INFO: [Coretcl 2-1520] The results of Report Methodology are in file C:/Users/Augusto/Desktop/Proyecto2_FPGA/control_motores_pwm_Zed/control_motores_pwm_Zed.runs/impl_1/control_motores_wrapper_methodology_drc_routed.rpt.
report_methodology completed successfully
INFO: [runtcl-4] Executing : report_power -file control_motores_wrapper_power_routed.rpt -pb control_motores_wrapper_power_summary_routed.pb -rpx control_motores_wrapper_power_routed.rpx
Command: report_power -file control_motores_wrapper_power_routed.rpt -pb control_motores_wrapper_power_summary_routed.pb -rpx control_motores_wrapper_power_routed.rpx
WARNING: [Power 33-232] No user defined clocks were found in the design!
Resolution: Please specify clocks using create_clock/create_generated_clock for sequential elements. For pure combinatorial circuits, please specify a virtual clock, otherwise the vectorless estimation might be inaccurate
INFO: [Timing 38-35] Done setting XDC timing constraints.
Running Vector-less Activity Propagation...

Finished Running Vector-less Activity Propagation
73 Infos, 2 Warnings, 1 Critical Warnings and 0 Errors encountered.
report_power completed successfully
INFO: [runtcl-4] Executing : report_route_status -file control_motores_wrapper_route_status.rpt -pb control_motores_wrapper_route_status.pb
INFO: [runtcl-4] Executing : report_timing_summary -max_paths 10 -file control_motores_wrapper_timing_summary_routed.rpt -rpx control_motores_wrapper_timing_summary_routed.rpx -warn_on_violation 
INFO: [Timing 38-91] UpdateTimingParams: Speed grade: -1, Delay Type: min_max.
INFO: [Timing 38-191] Multithreading enabled for timing update using a maximum of 2 CPUs
WARNING: [Timing 38-313] There are no user specified timing constraints. Timing constraints are needed for proper timing analysis.
INFO: [runtcl-4] Executing : report_incremental_reuse -file control_motores_wrapper_incremental_reuse_routed.rpt
INFO: [Vivado_Tcl 4-545] No incremental reuse to report, no incremental placement and routing data was found.
INFO: [runtcl-4] Executing : report_clock_utilization -file control_motores_wrapper_clock_utilization_routed.rpt
CRITICAL WARNING: [filemgmt 56-176] Module references are not supported in manual compile order mode and will be ignored.
CRITICAL WARNING: [filemgmt 56-176] Module references are not supported in manual compile order mode and will be ignored.
CRITICAL WARNING: [filemgmt 56-176] Module references are not supported in manual compile order mode and will be ignored.
CRITICAL WARNING: [filemgmt 56-176] Module references are not supported in manual compile order mode and will be ignored.
CRITICAL WARNING: [filemgmt 56-176] Module references are not supported in manual compile order mode and will be ignored.
CRITICAL WARNING: [filemgmt 56-176] Module references are not supported in manual compile order mode and will be ignored.
Command: write_bitstream -force control_motores_wrapper.bit
Attempting to get a license for feature 'Implementation' and/or device 'xc7z020'
INFO: [Common 17-349] Got license for feature 'Implementation' and/or device 'xc7z020'
Running DRC as a precondition to command write_bitstream
INFO: [IP_Flow 19-1839] IP Catalog is up to date.
INFO: [DRC 23-27] Running DRC with 2 threads
WARNING: [DRC ZPS7-1] PS7 block required: The PS7 cell must be used in this Zynq design in order to enable correct default configuration.
INFO: [Vivado 12-3199] DRC finished with 0 Errors, 1 Warnings
INFO: [Vivado 12-3200] Please refer to the DRC report (report_drc) for more information.
INFO: [Project 1-821] Please set project.enableDesignId to be 'true'.
INFO: [Designutils 20-2272] Running write_bitstream with 2 threads.
Loading data files...
Loading site data...
Loading route data...
Processing options...
Creating bitmap...
Creating bitstream...
Writing bitstream ./control_motores_wrapper.bit...
INFO: [Vivado 12-1842] Bitgen Completed Successfully.
INFO: [Project 1-118] WebTalk data collection is enabled (User setting is ON. Install Setting is ON.).
INFO: [Common 17-83] Releasing license: Implementation
90 Infos, 4 Warnings, 7 Critical Warnings and 0 Errors encountered.
write_bitstream completed successfully
write_bitstream: Time (s): cpu = 00:00:15 ; elapsed = 00:00:13 . Memory (MB): peak = 1794.793 ; gain = 415.344
INFO: [Common 17-206] Exiting Vivado at Mon Jul  5 18:47:45 2021...
